<?xml version="1.0" encoding="UTF-8"?>
<!-- Generated by org.testng.reporters.JUnitXMLReporter -->
<testsuite ignored="0" hostname="DESKTOP-T4BL329" failures="0" tests="3" name="Test" time="15.501" errors="0" timestamp="2025-05-11T18:31:07 IST">
  <testcase classname="Selenium.Automation.TestClass1" name="LoginTC1" time="1.287"/>
  <testcase classname="Selenium.Automation.TestClass1" name="LoginTC2" time="0.002"/>
  <testcase classname="Selenium.Automation.TestClass1" name="LoginTC3" time="0.002"/>
</testsuite> <!-- Test -->
