<?xml version="1.0" encoding="UTF-8"?>
<!-- Generated by org.testng.reporters.JUnitXMLReporter -->
<testsuite ignored="1" hostname="DESKTOP-T4BL329" failures="0" tests="2" name="Test" time="0.113" errors="0" timestamp="2025-05-15T13:30:45 IST">
  <testcase classname="Selenium.Automation.TestAPI" name="method2" time="0.012"/>
  <testcase classname="Selenium.Automation.TestAPI" name="method2" time="0.003"/>
  <testcase classname="Selenium.Automation.TestAPI" name="method1" time="0.0">
    <ignored/>
  </testcase> <!-- method1 -->
</testsuite> <!-- Test -->
