<?xml version="1.0" encoding="UTF-8"?>
<!-- Generated by org.testng.reporters.JUnitXMLReporter -->
<testsuite ignored="0" hostname="DESKTOP-T4BL329" failures="1" tests="3" name="Test" time="13.549" errors="0" timestamp="2025-05-11T18:24:09 IST">
  <testcase classname="Selenium.Automation.TestClass1" name="LoginTC1" time="0.013">
    <failure type="java.lang.NullPointerException" message="Cannot invoke &amp;quot;org.openqa.selenium.SearchContext.findElement(org.openqa.selenium.By)&amp;quot; because &amp;quot;this.searchContext&amp;quot; is null">
      <![CDATA[java.lang.NullPointerException: Cannot invoke "org.openqa.selenium.SearchContext.findElement(org.openqa.selenium.By)" because "this.searchContext" is null
at org.openqa.selenium.support.pagefactory.DefaultElementLocator.findElement(DefaultElementLocator.java:68)
at org.openqa.selenium.support.pagefactory.internal.LocatingElementHandler.invoke(LocatingElementHandler.java:38)
at jdk.proxy2/jdk.proxy2.$Proxy11.sendKeys(Unknown Source)
at Selenium.Automation.PageFactoryClass.enterUsername(PageFactoryClass.java:28)
at Selenium.Automation.TestClass1.LoginTC1(TestClass1.java:24)
at java.base/java.util.ArrayList.forEach(ArrayList.java:1511)
... Removed 27 stack frames]]>
    </failure>
  </testcase> <!-- LoginTC1 -->
  <testcase classname="Selenium.Automation.TestClass1" name="LoginTC2" time="0.005"/>
  <testcase classname="Selenium.Automation.TestClass1" name="LoginTC3" time="0.003"/>
</testsuite> <!-- Test -->
