<?xml version="1.0" encoding="UTF-8"?>
<!-- Generated by org.testng.reporters.JUnitXMLReporter -->
<testsuite ignored="0" hostname="DESKTOP-T4BL329" failures="0" tests="3" name="Default test" time="27.485" errors="0" timestamp="2025-05-11T18:02:59 IST">
  <testcase classname="Selenium.Automation.TestClass1" name="LoginTC1" time="0.973"/>
  <testcase classname="Selenium.Automation.TestClass1" name="LoginTC2" time="0.015"/>
  <testcase classname="Selenium.Automation.TestClass1" name="LoginTC3" time="0.002"/>
</testsuite> <!-- Default test -->
