<?xml version="1.0" encoding="UTF-8"?>
<testng-results ignored="1" total="3" passed="2" failed="0" skipped="0">
  <reporter-output>
  </reporter-output>
  <suite started-at="2025-05-15T13:30:45 IST" name="Suite" finished-at="2025-05-15T13:30:45 IST" duration-ms="113">
    <groups>
    </groups>
    <test started-at="2025-05-15T13:30:45 IST" name="Test" finished-at="2025-05-15T13:30:45 IST" duration-ms="113">
      <class name="Selenium.Automation.TestAPI">
        <test-method signature="method2(java.lang.String,java.lang.String)[pri:0, instance:Selenium.Automation.TestAPI@4a883b15]" started-at="2025-05-15T13:30:45 IST" name="method2" data-provider="values" finished-at="2025-05-15T13:30:45 IST" duration-ms="12" status="PASS">
          <params>
            <param index="0">
              <value>
                <![CDATA[Prakhar]]>
              </value>
            </param>
            <param index="1">
              <value>
                <![CDATA[Mittal]]>
              </value>
            </param>
          </params>
          <reporter-output>
          </reporter-output>
        </test-method> <!-- method2 -->
        <test-method signature="method2(java.lang.String,java.lang.String)[pri:0, instance:Selenium.Automation.TestAPI@4a883b15]" started-at="2025-05-15T13:30:45 IST" name="method2" data-provider="values" finished-at="2025-05-15T13:30:45 IST" duration-ms="3" status="PASS">
          <params>
            <param index="0">
              <value>
                <![CDATA[Prakhar1]]>
              </value>
            </param>
            <param index="1">
              <value>
                <![CDATA[Mittal1]]>
              </value>
            </param>
          </params>
          <reporter-output>
          </reporter-output>
        </test-method> <!-- method2 -->
      </class> <!-- Selenium.Automation.TestAPI -->
    </test> <!-- Test -->
  </suite> <!-- Suite -->
</testng-results>
