<?xml version="1.0" encoding="UTF-8"?>
<testng-results ignored="0" total="3" passed="3" failed="0" skipped="0">
  <reporter-output>
  </reporter-output>
  <suite started-at="2025-05-11T18:30:51 IST" name="Suite" finished-at="2025-05-11T18:31:07 IST" duration-ms="15501">
    <groups>
    </groups>
    <test started-at="2025-05-11T18:30:51 IST" name="Test" finished-at="2025-05-11T18:31:07 IST" duration-ms="15501">
      <class name="Selenium.Automation.TestClass1">
        <test-method is-config="true" signature="setup()[pri:0, instance:Selenium.Automation.TestClass1@10e41621]" started-at="2025-05-11T18:30:51 IST" name="setup" finished-at="2025-05-11T18:30:57 IST" duration-ms="5446" status="PASS">
          <reporter-output>
          </reporter-output>
        </test-method> <!-- setup -->
        <test-method signature="LoginTC1()[pri:0, instance:Selenium.Automation.TestClass1@10e41621]" started-at="2025-05-11T18:30:57 IST" name="LoginTC1" finished-at="2025-05-11T18:30:58 IST" duration-ms="1287" status="PASS">
          <reporter-output>
          </reporter-output>
        </test-method> <!-- LoginTC1 -->
        <test-method is-config="true" signature="TearDown()[pri:0, instance:Selenium.Automation.TestClass1@10e41621]" started-at="2025-05-11T18:30:58 IST" name="TearDown" finished-at="2025-05-11T18:30:58 IST" duration-ms="326" status="PASS">
          <reporter-output>
          </reporter-output>
        </test-method> <!-- TearDown -->
        <test-method is-config="true" signature="setup()[pri:0, instance:Selenium.Automation.TestClass1@10e41621]" started-at="2025-05-11T18:30:58 IST" name="setup" finished-at="2025-05-11T18:31:04 IST" duration-ms="5139" status="PASS">
          <reporter-output>
          </reporter-output>
        </test-method> <!-- setup -->
        <test-method signature="LoginTC2()[pri:0, instance:Selenium.Automation.TestClass1@10e41621]" started-at="2025-05-11T18:31:04 IST" name="LoginTC2" finished-at="2025-05-11T18:31:04 IST" duration-ms="2" status="PASS">
          <reporter-output>
          </reporter-output>
        </test-method> <!-- LoginTC2 -->
        <test-method is-config="true" signature="TearDown()[pri:0, instance:Selenium.Automation.TestClass1@10e41621]" started-at="2025-05-11T18:31:04 IST" name="TearDown" finished-at="2025-05-11T18:31:04 IST" duration-ms="322" status="PASS">
          <reporter-output>
          </reporter-output>
        </test-method> <!-- TearDown -->
        <test-method is-config="true" signature="setup()[pri:0, instance:Selenium.Automation.TestClass1@10e41621]" started-at="2025-05-11T18:31:04 IST" name="setup" finished-at="2025-05-11T18:31:06 IST" duration-ms="2551" status="PASS">
          <reporter-output>
          </reporter-output>
        </test-method> <!-- setup -->
        <test-method signature="LoginTC3()[pri:0, instance:Selenium.Automation.TestClass1@10e41621]" started-at="2025-05-11T18:31:06 IST" name="LoginTC3" finished-at="2025-05-11T18:31:06 IST" duration-ms="2" status="PASS">
          <reporter-output>
          </reporter-output>
        </test-method> <!-- LoginTC3 -->
        <test-method is-config="true" signature="TearDown()[pri:0, instance:Selenium.Automation.TestClass1@10e41621]" started-at="2025-05-11T18:31:06 IST" name="TearDown" finished-at="2025-05-11T18:31:07 IST" duration-ms="307" status="PASS">
          <reporter-output>
          </reporter-output>
        </test-method> <!-- TearDown -->
      </class> <!-- Selenium.Automation.TestClass1 -->
    </test> <!-- Test -->
  </suite> <!-- Suite -->
</testng-results>
