<?xml version="1.0" encoding="UTF-8"?>
<testng-results ignored="2" total="9" passed="6" failed="1" skipped="0">
  <reporter-output>
  </reporter-output>
  <suite started-at="2025-05-15T22:30:57 IST" name="Surefire suite" finished-at="2025-05-15T22:31:16 IST" duration-ms="19548">
    <groups>
    </groups>
    <test started-at="2025-05-15T22:30:57 IST" name="Surefire test" finished-at="2025-05-15T22:31:16 IST" duration-ms="19548">
      <class name="Selenium.Automation.TestAPI">
        <test-method signature="method2(java.lang.String,java.lang.String)[pri:0, instance:Selenium.Automation.TestAPI@a3d8174]" started-at="2025-05-15T22:30:57 IST" name="method2" data-provider="values" finished-at="2025-05-15T22:30:57 IST" duration-ms="6" status="PASS">
          <params>
            <param index="0">
              <value>
                <![CDATA[Prakhar]]>
              </value>
            </param>
            <param index="1">
              <value>
                <![CDATA[Mittal]]>
              </value>
            </param>
          </params>
          <reporter-output>
          </reporter-output>
        </test-method> <!-- method2 -->
        <test-method signature="method2(java.lang.String,java.lang.String)[pri:0, instance:Selenium.Automation.TestAPI@a3d8174]" started-at="2025-05-15T22:30:57 IST" name="method2" data-provider="values" finished-at="2025-05-15T22:30:57 IST" duration-ms="1" status="PASS">
          <params>
            <param index="0">
              <value>
                <![CDATA[Prakhar1]]>
              </value>
            </param>
            <param index="1">
              <value>
                <![CDATA[Mittal1]]>
              </value>
            </param>
          </params>
          <reporter-output>
          </reporter-output>
        </test-method> <!-- method2 -->
      </class> <!-- Selenium.Automation.TestAPI -->
      <class name="Selenium.Automation.TestClass1">
        <test-method is-config="true" signature="setup()[pri:0, instance:Selenium.Automation.TestClass1@702b8b12]" started-at="2025-05-15T22:30:57 IST" name="setup" finished-at="2025-05-15T22:31:02 IST" duration-ms="4990" status="PASS">
          <reporter-output>
          </reporter-output>
        </test-method> <!-- setup -->
        <test-method signature="LoginTC1()[pri:0, instance:Selenium.Automation.TestClass1@702b8b12]" started-at="2025-05-15T22:31:02 IST" name="LoginTC1" finished-at="2025-05-15T22:31:02 IST" duration-ms="287" status="FAIL">
          <exception class="org.openqa.selenium.NoSuchElementException">
            <message>
              <![CDATA[no such element: Unable to locate element: {"method":"css selector","selector":"#passwor"}
  (Session info: chrome=136.0.7103.114)
For documentation on this error, please visit: https://www.selenium.dev/documentation/webdriver/troubleshooting/errors#no-such-element-exception
Build info: version: '4.24.0', revision: '748ffc9bc3'
System info: os.name: 'Windows 10', os.arch: 'amd64', os.version: '10.0', java.version: '17.0.9'
Driver info: org.openqa.selenium.chrome.ChromeDriver
Command: [0586be7e483cc9b777bd9234c964b0cc, findElement {using=id, value=passwor}]
Capabilities {acceptInsecureCerts: false, browserName: chrome, browserVersion: 136.0.7103.114, chrome: {chromedriverVersion: 136.0.7103.94 (fa0be0b33deb..., userDataDir: C:\WINDOWS\SystemTemp\scope...}, fedcm:accounts: true, goog:chromeOptions: {debuggerAddress: localhost:51902}, networkConnectionEnabled: false, pageLoadStrategy: normal, platformName: windows, proxy: Proxy(), se:cdp: ws://localhost:51902/devtoo..., se:cdpVersion: 136.0.7103.114, setWindowRect: true, strictFileInteractability: false, timeouts: {implicit: 0, pageLoad: 300000, script: 30000}, unhandledPromptBehavior: dismiss and notify, webauthn:extension:credBlob: true, webauthn:extension:largeBlob: true, webauthn:extension:minPinLength: true, webauthn:extension:prf: true, webauthn:virtualAuthenticators: true}
Session ID: 0586be7e483cc9b777bd9234c964b0cc]]>
            </message>
            <full-stacktrace>
              <![CDATA[org.openqa.selenium.NoSuchElementException: no such element: Unable to locate element: {"method":"css selector","selector":"#passwor"}
  (Session info: chrome=136.0.7103.114)
For documentation on this error, please visit: https://www.selenium.dev/documentation/webdriver/troubleshooting/errors#no-such-element-exception
Build info: version: '4.24.0', revision: '748ffc9bc3'
System info: os.name: 'Windows 10', os.arch: 'amd64', os.version: '10.0', java.version: '17.0.9'
Driver info: org.openqa.selenium.chrome.ChromeDriver
Command: [0586be7e483cc9b777bd9234c964b0cc, findElement {using=id, value=passwor}]
Capabilities {acceptInsecureCerts: false, browserName: chrome, browserVersion: 136.0.7103.114, chrome: {chromedriverVersion: 136.0.7103.94 (fa0be0b33deb..., userDataDir: C:\WINDOWS\SystemTemp\scope...}, fedcm:accounts: true, goog:chromeOptions: {debuggerAddress: localhost:51902}, networkConnectionEnabled: false, pageLoadStrategy: normal, platformName: windows, proxy: Proxy(), se:cdp: ws://localhost:51902/devtoo..., se:cdpVersion: 136.0.7103.114, setWindowRect: true, strictFileInteractability: false, timeouts: {implicit: 0, pageLoad: 300000, script: 30000}, unhandledPromptBehavior: dismiss and notify, webauthn:extension:credBlob: true, webauthn:extension:largeBlob: true, webauthn:extension:minPinLength: true, webauthn:extension:prf: true, webauthn:virtualAuthenticators: true}
Session ID: 0586be7e483cc9b777bd9234c964b0cc
at java.base/jdk.internal.reflect.NativeConstructorAccessorImpl.newInstance0(Native Method)
at java.base/jdk.internal.reflect.NativeConstructorAccessorImpl.newInstance(NativeConstructorAccessorImpl.java:77)
at java.base/jdk.internal.reflect.DelegatingConstructorAccessorImpl.newInstance(DelegatingConstructorAccessorImpl.java:45)
at java.base/java.lang.reflect.Constructor.newInstanceWithCaller(Constructor.java:499)
at java.base/java.lang.reflect.Constructor.newInstance(Constructor.java:480)
at org.openqa.selenium.remote.ErrorCodec.decode(ErrorCodec.java:167)
at org.openqa.selenium.remote.codec.w3c.W3CHttpResponseCodec.decode(W3CHttpResponseCodec.java:138)
at org.openqa.selenium.remote.codec.w3c.W3CHttpResponseCodec.decode(W3CHttpResponseCodec.java:50)
at org.openqa.selenium.remote.HttpCommandExecutor.execute(HttpCommandExecutor.java:190)
at org.openqa.selenium.remote.service.DriverCommandExecutor.invokeExecute(DriverCommandExecutor.java:216)
at org.openqa.selenium.remote.service.DriverCommandExecutor.execute(DriverCommandExecutor.java:174)
at org.openqa.selenium.remote.RemoteWebDriver.execute(RemoteWebDriver.java:545)
at org.openqa.selenium.remote.ElementLocation$ElementFinder$2.findElement(ElementLocation.java:165)
at org.openqa.selenium.remote.ElementLocation.findElement(ElementLocation.java:59)
at org.openqa.selenium.remote.RemoteWebDriver.findElement(RemoteWebDriver.java:368)
at org.openqa.selenium.remote.RemoteWebDriver.findElement(RemoteWebDriver.java:362)
at org.openqa.selenium.support.pagefactory.DefaultElementLocator.findElement(DefaultElementLocator.java:68)
at org.openqa.selenium.support.pagefactory.internal.LocatingElementHandler.invoke(LocatingElementHandler.java:38)
at jdk.proxy2/jdk.proxy2.$Proxy11.sendKeys(Unknown Source)
at Selenium.Automation.PageFactoryClass.enterPassword(PageFactoryClass.java:32)
at Selenium.Automation.TestClass1.LoginTC1(TestClass1.java:24)
at java.base/jdk.internal.reflect.NativeMethodAccessorImpl.invoke0(Native Method)
at java.base/jdk.internal.reflect.NativeMethodAccessorImpl.invoke(NativeMethodAccessorImpl.java:77)
at java.base/jdk.internal.reflect.DelegatingMethodAccessorImpl.invoke(DelegatingMethodAccessorImpl.java:43)
at java.base/java.lang.reflect.Method.invoke(Method.java:568)
at org.testng.internal.invokers.MethodInvocationHelper.invokeMethod(MethodInvocationHelper.java:139)
at org.testng.internal.invokers.TestInvoker.invokeMethod(TestInvoker.java:677)
at org.testng.internal.invokers.TestInvoker.invokeTestMethod(TestInvoker.java:221)
at org.testng.internal.invokers.MethodRunner.runInSequence(MethodRunner.java:50)
at org.testng.internal.invokers.TestInvoker$MethodInvocationAgent.invoke(TestInvoker.java:969)
at org.testng.internal.invokers.TestInvoker.invokeTestMethods(TestInvoker.java:194)
at org.testng.internal.invokers.TestMethodWorker.invokeTestMethods(TestMethodWorker.java:148)
at org.testng.internal.invokers.TestMethodWorker.run(TestMethodWorker.java:128)
at java.base/java.util.ArrayList.forEach(ArrayList.java:1511)
at org.testng.TestRunner.privateRun(TestRunner.java:829)
at org.testng.TestRunner.run(TestRunner.java:602)
at org.testng.SuiteRunner.runTest(SuiteRunner.java:437)
at org.testng.SuiteRunner.runSequentially(SuiteRunner.java:431)
at org.testng.SuiteRunner.privateRun(SuiteRunner.java:391)
at org.testng.SuiteRunner.run(SuiteRunner.java:330)
at org.testng.SuiteRunnerWorker.runSuite(SuiteRunnerWorker.java:52)
at org.testng.SuiteRunnerWorker.run(SuiteRunnerWorker.java:95)
at org.testng.TestNG.runSuitesSequentially(TestNG.java:1256)
at org.testng.TestNG.runSuitesLocally(TestNG.java:1176)
at org.testng.TestNG.runSuites(TestNG.java:1099)
at org.testng.TestNG.run(TestNG.java:1067)
at org.apache.maven.surefire.testng.TestNGExecutor.run(TestNGExecutor.java:155)
at org.apache.maven.surefire.testng.TestNGDirectoryTestSuite.executeMulti(TestNGDirectoryTestSuite.java:169)
at org.apache.maven.surefire.testng.TestNGDirectoryTestSuite.execute(TestNGDirectoryTestSuite.java:88)
at org.apache.maven.surefire.testng.TestNGProvider.invoke(TestNGProvider.java:137)
at org.apache.maven.surefire.booter.ForkedBooter.runSuitesInProcess(ForkedBooter.java:385)
at org.apache.maven.surefire.booter.ForkedBooter.execute(ForkedBooter.java:162)
at org.apache.maven.surefire.booter.ForkedBooter.run(ForkedBooter.java:507)
at org.apache.maven.surefire.booter.ForkedBooter.main(ForkedBooter.java:495)
]]>
            </full-stacktrace>
          </exception> <!-- org.openqa.selenium.NoSuchElementException -->
          <reporter-output>
          </reporter-output>
        </test-method> <!-- LoginTC1 -->
        <test-method is-config="true" signature="TearDown()[pri:0, instance:Selenium.Automation.TestClass1@702b8b12]" started-at="2025-05-15T22:31:02 IST" name="TearDown" finished-at="2025-05-15T22:31:03 IST" duration-ms="392" status="PASS">
          <reporter-output>
          </reporter-output>
        </test-method> <!-- TearDown -->
        <test-method is-config="true" signature="setup()[pri:0, instance:Selenium.Automation.TestClass1@702b8b12]" started-at="2025-05-15T22:31:03 IST" name="setup" finished-at="2025-05-15T22:31:06 IST" duration-ms="3556" status="PASS">
          <reporter-output>
          </reporter-output>
        </test-method> <!-- setup -->
        <test-method signature="LoginTC2()[pri:0, instance:Selenium.Automation.TestClass1@702b8b12]" started-at="2025-05-15T22:31:06 IST" name="LoginTC2" finished-at="2025-05-15T22:31:06 IST" duration-ms="1" status="PASS">
          <reporter-output>
          </reporter-output>
        </test-method> <!-- LoginTC2 -->
        <test-method is-config="true" signature="TearDown()[pri:0, instance:Selenium.Automation.TestClass1@702b8b12]" started-at="2025-05-15T22:31:06 IST" name="TearDown" finished-at="2025-05-15T22:31:06 IST" duration-ms="403" status="PASS">
          <reporter-output>
          </reporter-output>
        </test-method> <!-- TearDown -->
        <test-method is-config="true" signature="setup()[pri:0, instance:Selenium.Automation.TestClass1@702b8b12]" started-at="2025-05-15T22:31:06 IST" name="setup" finished-at="2025-05-15T22:31:10 IST" duration-ms="3182" status="PASS">
          <reporter-output>
          </reporter-output>
        </test-method> <!-- setup -->
        <test-method signature="LoginTC3()[pri:0, instance:Selenium.Automation.TestClass1@702b8b12]" started-at="2025-05-15T22:31:10 IST" name="LoginTC3" finished-at="2025-05-15T22:31:10 IST" duration-ms="2" status="PASS">
          <reporter-output>
          </reporter-output>
        </test-method> <!-- LoginTC3 -->
        <test-method is-config="true" signature="TearDown()[pri:0, instance:Selenium.Automation.TestClass1@702b8b12]" started-at="2025-05-15T22:31:10 IST" name="TearDown" finished-at="2025-05-15T22:31:10 IST" duration-ms="323" status="PASS">
          <reporter-output>
          </reporter-output>
        </test-method> <!-- TearDown -->
        <test-method is-config="true" signature="setup()[pri:0, instance:Selenium.Automation.TestClass1@702b8b12]" started-at="2025-05-15T22:31:10 IST" name="setup" finished-at="2025-05-15T22:31:13 IST" duration-ms="2783" status="PASS">
          <reporter-output>
          </reporter-output>
        </test-method> <!-- setup -->
        <test-method signature="LoginTC4()[pri:0, instance:Selenium.Automation.TestClass1@702b8b12]" started-at="2025-05-15T22:31:13 IST" name="LoginTC4" finished-at="2025-05-15T22:31:13 IST" duration-ms="1" status="PASS">
          <reporter-output>
          </reporter-output>
        </test-method> <!-- LoginTC4 -->
        <test-method is-config="true" signature="TearDown()[pri:0, instance:Selenium.Automation.TestClass1@702b8b12]" started-at="2025-05-15T22:31:13 IST" name="TearDown" finished-at="2025-05-15T22:31:13 IST" duration-ms="487" status="PASS">
          <reporter-output>
          </reporter-output>
        </test-method> <!-- TearDown -->
        <test-method is-config="true" signature="setup()[pri:0, instance:Selenium.Automation.TestClass1@702b8b12]" started-at="2025-05-15T22:31:13 IST" name="setup" finished-at="2025-05-15T22:31:16 IST" duration-ms="2632" status="PASS">
          <reporter-output>
          </reporter-output>
        </test-method> <!-- setup -->
        <test-method signature="LoginTC5()[pri:0, instance:Selenium.Automation.TestClass1@702b8b12]" started-at="2025-05-15T22:31:16 IST" name="LoginTC5" finished-at="2025-05-15T22:31:16 IST" duration-ms="1" status="PASS">
          <reporter-output>
          </reporter-output>
        </test-method> <!-- LoginTC5 -->
        <test-method is-config="true" signature="TearDown()[pri:0, instance:Selenium.Automation.TestClass1@702b8b12]" started-at="2025-05-15T22:31:16 IST" name="TearDown" finished-at="2025-05-15T22:31:16 IST" duration-ms="394" status="PASS">
          <reporter-output>
          </reporter-output>
        </test-method> <!-- TearDown -->
      </class> <!-- Selenium.Automation.TestClass1 -->
    </test> <!-- Surefire test -->
  </suite> <!-- Surefire suite -->
</testng-results>
